{
  "RSpec": {
    "coverage": {
      "/Users/mac/RubymineProjects/VALKYRIA_ECM/app/models/identity/user.rb": {
        "lines": [
          null,
          null,
          1,
          1,
          1,
          1,
          1,
          1,
          1,
          null,
          null,
          1,
          null,
          null,
          null,
          null,
          null,
          1,
          35,
          null,
          null,
          1,
          null,
          null,
          1,
          1,
          1,
          1,
          1,
          1,
          1,
          1,
          1,
          1,
          null,
          null,
          1,
          1,
          1,
          1,
          null,
          null,
          1,
          1,
          1,
          1,
          1,
          null,
          null,
          1,
          1,
          1,
          null,
          null,
          1,
          1,
          1,
          1,
          1,
          1,
          1,
          null,
          null,
          1,
          1,
          null,
          null,
          1,
          1,
          1,
          1,
          null,
          null,
          5,
          1,
          1,
          null,
          null,
          1,
          null,
          null,
          1,
          1007,
          null,
          null,
          1,
          0,
          null,
          null,
          1,
          218,
          null,
          null,
          1,
          0,
          null,
          null,
          1,
          189,
          null,
          null,
          1,
          28,
          null,
          50,
          null,
          null,
          1,
          0,
          null,
          0,
          null,
          null,
          1,
          5,
          null,
          3,
          null,
          null,
          1,
          44,
          null,
          null,
          1,
          0,
          null,
          null,
          1,
          0,
          null,
          null,
          1,
          0,
          null,
          null,
          1,
          0,
          0,
          null,
          null,
          1,
          0,
          0,
          null,
          null,
          null,
          1,
          null,
          36,
          null,
          null,
          null,
          null,
          null,
          null,
          1,
          null,
          1,
          878,
          null,
          878,
          878,
          null,
          null,
          null
        ]
      },
      "/Users/mac/RubymineProjects/VALKYRIA_ECM/app/models/concerns/uuid_identifiable.rb": {
        "lines": [
          null,
          null,
          1,
          1,
          null,
          1,
          22,
          null,
          22,
          null,
          22,
          null,
          22,
          null,
          null,
          1,
          null,
          1,
          3797,
          null,
          null,
          1,
          1,
          4,
          null,
          null,
          1,
          2,
          null,
          null,
          null
        ]
      },
      "/Users/mac/RubymineProjects/VALKYRIA_ECM/app/models/concerns/soft_deletable.rb": {
        "lines": [
          null,
          null,
          1,
          1,
          null,
          1,
          20,
          20,
          null,
          20,
          null,
          5966,
          22,
          20,
          null,
          8074,
          null,
          null,
          1,
          20,
          null,
          19,
          null,
          19,
          null,
          null,
          null,
          1,
          2,
          null,
          null,
          1,
          8,
          null,
          7,
          null,
          null,
          null,
          null,
          null,
          1,
          1,
          null,
          null,
          1,
          30,
          null,
          null,
          1,
          0,
          null,
          0,
          null,
          0,
          null,
          null,
          1,
          1,
          0,
          null,
          0,
          null,
          null,
          null,
          1,
          0,
          null,
          null,
          null,
          null,
          null,
          null
        ]
      },
      "/Users/mac/RubymineProjects/VALKYRIA_ECM/app/models/concerns/audit_trackable.rb": {
        "lines": [
          null,
          null,
          1,
          1,
          null,
          1,
          4,
          4,
          4,
          null,
          4,
          4,
          null,
          null,
          1,
          1,
          0,
          null,
          null,
          1,
          0,
          null,
          null,
          1,
          0,
          0,
          0,
          null,
          0,
          null,
          null,
          null,
          1,
          null,
          1,
          2257,
          null,
          2257,
          null,
          null,
          1,
          82,
          82,
          null,
          0,
          null,
          null,
          1,
          0,
          null,
          0,
          null,
          null,
          1,
          0,
          null,
          null,
          1,
          82,
          null,
          null,
          1,
          2257,
          null,
          null
        ]
      },
      "/Users/mac/RubymineProjects/VALKYRIA_ECM/app/models/identity/jwt_denylist.rb": {
        "lines": [
          null,
          null,
          1,
          1,
          1,
          1,
          null,
          1,
          null,
          1,
          1,
          null,
          1,
          1,
          null,
          1,
          null,
          1,
          1,
          33,
          null,
          null,
          1,
          2,
          2,
          null,
          null,
          null,
          1,
          0,
          null,
          null,
          null,
          null
        ]
      },
      "/Users/mac/RubymineProjects/VALKYRIA_ECM/app/jobs/retention_processor_job.rb": {
        "lines": [
          null,
          null,
          null,
          null,
          null,
          null,
          null,
          null,
          null,
          1,
          1,
          null,
          null,
          1,
          15,
          13,
          null,
          2,
          null,
          null,
          null,
          1,
          null,
          1,
          2,
          4,
          null,
          0,
          null,
          null,
          null,
          2,
          null,
          null,
          1,
          17,
          null,
          17,
          null,
          null,
          null,
          null,
          null,
          null,
          17,
          null,
          null,
          17,
          17,
          17,
          null,
          17,
          null,
          null,
          1,
          2,
          null,
          null,
          0,
          null,
          2,
          null,
          null,
          0,
          null,
          null,
          1,
          17,
          null,
          null,
          17,
          null,
          null,
          null,
          null,
          10,
          null,
          10,
          9,
          null,
          1,
          null,
          null,
          17,
          null,
          null,
          1,
          17,
          17,
          null,
          null,
          17,
          null,
          null,
          null,
          null,
          4,
          0,
          0,
          0,
          null,
          null,
          4,
          4,
          null,
          0,
          null,
          null,
          17,
          null,
          null,
          1,
          10,
          null,
          null,
          9,
          null,
          null,
          null,
          null,
          null,
          9,
          null,
          null,
          null,
          null,
          null,
          1,
          4,
          null,
          null,
          4,
          null,
          null,
          null,
          null,
          null,
          null,
          4,
          null,
          null,
          null,
          null,
          null,
          1,
          0,
          null,
          null,
          null,
          null,
          0,
          null,
          null,
          null,
          null,
          null,
          null,
          null,
          null,
          null,
          null,
          null,
          null,
          null,
          1,
          17,
          null,
          null,
          null,
          null,
          null,
          17,
          null,
          null,
          null,
          null,
          null,
          null,
          null,
          null,
          null
        ]
      },
      "/Users/mac/RubymineProjects/VALKYRIA_ECM/app/jobs/application_job.rb": {
        "lines": [
          null,
          null,
          1,
          null,
          1,
          null,
          null,
          1,
          null,
          null,
          1,
          null,
          null,
          1,
          37,
          37,
          37,
          null,
          37,
          null,
          32,
          32,
          null,
          null,
          5,
          5,
          5,
          null,
          null,
          1,
          null,
          1,
          0,
          null,
          null,
          1,
          0,
          null,
          null
        ]
      },
      "/Users/mac/RubymineProjects/VALKYRIA_ECM/app/jobs/sla_check_job.rb": {
        "lines": [
          null,
          null,
          null,
          null,
          null,
          1,
          1,
          null,
          null,
          1,
          8,
          null,
          null,
          7,
          null,
          5,
          null,
          1,
          null,
          null,
          1,
          null,
          null,
          1,
          null,
          4,
          null,
          null,
          4,
          null,
          null,
          4,
          null,
          null,
          null,
          null,
          null,
          4,
          null,
          null,
          null,
          null,
          null,
          null,
          null,
          null,
          null,
          null,
          null,
          null,
          null,
          null,
          4,
          null,
          null,
          null,
          null,
          null,
          null
        ]
      },
      "/Users/mac/RubymineProjects/VALKYRIA_ECM/app/jobs/sla_warning_job.rb": {
        "lines": [
          null,
          null,
          null,
          null,
          null,
          1,
          1,
          null,
          null,
          null,
          1,
          5,
          null,
          null,
          4,
          3,
          2,
          null,
          null,
          1,
          null,
          null,
          null,
          null,
          null,
          1,
          null,
          null,
          null,
          null,
          1,
          null,
          null
        ]
      },
      "/Users/mac/RubymineProjects/VALKYRIA_ECM/app/jobs/workflow_notification_job.rb": {
        "lines": [
          null,
          null,
          null,
          null,
          null,
          null,
          1,
          1,
          null,
          null,
          null,
          null,
          1,
          9,
          null,
          2,
          null,
          1,
          null,
          1,
          null,
          1,
          null,
          2,
          null,
          1,
          null,
          1,
          null,
          null,
          null,
          1,
          null,
          null,
          1,
          2,
          1,
          1,
          1,
          null,
          null,
          1,
          null,
          null,
          null,
          null,
          null,
          null,
          1,
          1,
          null,
          null,
          null,
          null,
          null,
          null,
          null,
          0,
          null,
          null,
          null,
          null,
          1,
          null,
          null,
          null,
          1,
          1,
          1,
          1,
          null,
          1,
          null,
          1,
          null,
          null,
          null,
          null,
          null,
          null,
          0,
          null,
          null,
          null,
          null,
          0,
          null,
          null,
          1,
          1,
          1,
          1,
          null,
          null,
          1,
          null,
          null,
          null,
          null,
          null,
          0,
          null,
          null,
          null,
          null,
          0,
          null,
          null,
          1,
          1,
          1,
          1,
          null,
          1,
          null,
          null,
          null,
          null,
          null,
          1,
          null,
          null,
          null,
          null,
          0,
          null,
          null,
          null,
          1,
          2,
          2,
          null,
          2,
          null,
          null,
          1,
          0,
          null,
          null,
          null,
          null,
          null,
          1,
          null,
          null,
          null,
          null,
          null,
          null,
          null,
          0,
          null,
          null,
          null,
          null,
          0,
          null,
          null,
          null,
          1,
          1,
          null,
          1,
          null,
          null,
          1,
          null,
          null,
          null,
          null,
          null,
          null,
          0,
          0,
          null,
          null,
          null,
          null,
          null,
          null,
          0,
          null,
          null,
          null,
          0,
          null,
          null,
          null,
          null,
          null,
          1,
          null,
          2,
          2,
          0,
          null,
          null,
          2,
          2,
          2,
          null,
          0,
          null,
          null,
          null,
          1,
          5,
          null,
          5,
          null,
          null,
          null,
          0,
          0,
          null,
          null,
          null,
          1,
          null,
          2,
          2,
          null,
          null,
          null,
          1,
          0,
          null,
          0,
          null,
          null,
          1,
          null,
          null,
          2,
          null,
          null,
          null,
          null,
          2,
          null,
          null,
          null,
          null,
          null,
          null,
          null,
          null,
          null,
          null,
          null,
          null,
          null,
          null,
          1,
          1,
          null,
          null,
          null,
          null,
          null,
          null,
          null,
          null,
          null,
          1,
          1,
          1,
          null,
          1,
          null,
          null,
          null,
          null,
          null,
          null,
          1,
          null,
          null,
          null,
          1,
          1,
          null,
          null,
          null,
          null,
          null,
          null,
          null,
          null,
          null,
          null,
          1,
          1,
          null,
          null,
          null,
          null,
          null,
          null,
          null,
          null,
          null,
          null,
          null,
          null,
          null,
          null,
          null,
          1,
          1,
          null,
          null,
          null,
          null,
          null,
          null,
          null,
          null,
          null,
          null,
          null,
          null,
          null,
          1,
          1,
          null,
          null,
          null,
          null,
          null,
          null,
          null,
          null,
          null,
          null,
          1,
          1,
          null,
          null,
          null,
          null,
          1,
          null,
          null,
          null,
          null,
          null,
          null,
          null,
          null,
          null
        ]
      },
      "/Users/mac/RubymineProjects/VALKYRIA_ECM/app/models/audit/audit_event.rb": {
        "lines": [
          null,
          null,
          1,
          null,
          1,
          1,
          1,
          null,
          null,
          1,
          null,
          null,
          1,
          1,
          1,
          null,
          null,
          1,
          1,
          1,
          1,
          null,
          null,
          1,
          1,
          1,
          null,
          null,
          1,
          null,
          null,
          1,
          1,
          1,
          null,
          null,
          1,
          1,
          1,
          1,
          null,
          null,
          1,
          1,
          null,
          null,
          1,
          1,
          1,
          1,
          1,
          1,
          1,
          1,
          1,
          1,
          1,
          1,
          null,
          null,
          1,
          1,
          1,
          null,
          null,
          1,
          1,
          1,
          null,
          null,
          3,
          16,
          1,
          1,
          1,
          4,
          1,
          1,
          3,
          null,
          null,
          1,
          null,
          null,
          null,
          null,
          null,
          null,
          null,
          null,
          null,
          null,
          1,
          null,
          null,
          null,
          null,
          null,
          null,
          null,
          null,
          null,
          null,
          null,
          null,
          null,
          1,
          null,
          null,
          null,
          null,
          null,
          null,
          null,
          null,
          null,
          null,
          null,
          null,
          null,
          null,
          1,
          null,
          null,
          null,
          null,
          null,
          null,
          null,
          1,
          null,
          1,
          1,
          1417,
          null,
          null,
          null,
          null,
          null,
          null,
          null,
          null,
          null,
          null,
          null,
          null,
          null,
          null,
          null,
          null,
          1,
          2257,
          null,
          2257,
          null,
          null,
          null,
          null,
          null,
          null,
          null,
          null,
          null,
          null,
          null,
          24016,
          24016,
          null,
          null,
          null,
          null,
          1,
          767,
          767,
          null,
          null,
          null,
          null,
          null,
          null,
          null,
          null,
          null,
          null,
          null,
          null,
          null,
          null,
          1,
          70,
          70,
          null,
          null,
          null,
          null,
          null,
          null,
          null,
          null,
          null,
          null,
          null,
          null,
          null,
          null,
          null,
          null,
          1,
          91,
          91,
          null,
          null,
          null,
          null,
          null,
          null,
          null,
          null,
          null,
          null,
          null,
          null,
          null,
          null,
          1,
          1,
          null,
          null,
          null,
          null,
          1,
          1,
          null,
          null,
          1,
          0,
          null,
          null,
          1,
          0,
          null,
          null,
          1,
          null,
          1,
          3674,
          null,
          null,
          1,
          2257,
          2257,
          null,
          1479,
          null,
          778,
          null,
          0,
          null,
          0,
          null,
          0,
          null,
          null,
          0,
          null,
          null,
          null,
          null,
          null,
          null,
          null,
          null,
          null,
          null,
          1,
          30,
          null,
          2,
          null,
          null,
          1,
          1,
          null,
          1,
          null,
          null,
          1,
          2,
          null,
          null,
          1,
          7,
          null,
          null,
          1,
          4,
          null,
          null,
          1,
          3,
          null,
          null,
          1,
          1,
          null,
          null,
          1,
          1,
          null,
          null,
          null,
          null,
          1,
          1,
          null,
          null,
          1,
          1,
          null,
          null,
          1,
          1,
          null,
          null,
          1,
          null,
          1,
          3754,
          null,
          null,
          1,
          3748,
          3748,
          3748,
          null,
          null,
          1,
          3748,
          null,
          null,
          1,
          null,
          null,
          null
        ]
      },
      "/Users/mac/RubymineProjects/VALKYRIA_ECM/app/models/content/document.rb": {
        "lines": [
          null,
          null,
          1,
          null,
          1,
          1,
          1,
          1,
          1,
          1,
          null,
          1,
          null,
          null,
          1,
          1,
          1,
          1,
          null,
          1,
          null,
          null,
          1,
          1,
          1,
          1,
          1,
          1,
          null,
          null,
          1,
          1,
          null,
          null,
          1,
          1,
          1,
          null,
          null,
          1,
          1,
          null,
          null,
          1,
          1,
          1,
          1,
          1,
          1,
          1,
          1,
          1,
          1,
          1,
          null,
          1,
          1,
          1,
          1,
          null,
          null,
          1,
          1,
          1,
          1,
          1,
          1,
          1,
          null,
          null,
          1,
          1,
          1,
          1,
          null,
          null,
          1,
          1,
          1,
          null,
          null,
          1,
          1,
          2,
          1,
          2,
          3,
          1,
          1,
          1,
          1,
          1,
          1,
          1,
          1,
          1,
          null,
          null,
          1,
          74,
          null,
          null,
          null,
          1,
          0,
          null,
          null,
          null,
          1,
          31,
          30,
          null,
          29,
          null,
          null,
          null,
          null,
          29,
          null,
          null,
          29,
          null,
          null,
          null,
          null,
          null,
          28,
          null,
          null,
          null,
          1,
          55,
          null,
          55,
          null,
          null,
          null,
          null,
          null,
          null,
          null,
          55,
          3,
          3,
          null,
          null,
          null,
          52,
          52,
          null,
          null,
          null,
          1,
          17,
          null,
          16,
          null,
          null,
          null,
          16,
          16,
          null,
          0,
          null,
          null,
          1,
          5,
          5,
          null,
          4,
          null,
          null,
          null,
          4,
          4,
          null,
          0,
          null,
          null,
          1,
          58,
          null,
          null,
          1,
          3,
          null,
          null,
          1,
          0,
          null,
          0,
          null,
          0,
          null,
          null,
          null,
          1,
          2,
          null,
          null,
          1,
          0,
          null,
          null,
          1,
          1,
          null,
          null,
          null,
          1,
          0,
          null,
          null,
          1,
          0,
          null,
          null,
          1,
          0,
          null,
          null,
          null,
          1,
          2,
          null,
          2,
          2,
          null,
          2,
          2,
          null,
          null,
          null,
          null,
          2,
          null,
          null,
          null,
          null,
          null,
          2,
          null,
          null,
          null,
          null,
          1,
          6,
          6,
          null,
          6,
          6,
          null,
          null,
          null,
          null,
          null,
          null,
          null,
          null,
          6,
          null,
          null,
          null,
          1,
          2,
          2,
          2,
          null,
          2,
          2,
          null,
          null,
          null,
          null,
          null,
          null,
          null,
          null,
          2,
          null,
          null,
          null,
          1,
          1,
          null,
          null,
          1,
          null,
          1,
          31,
          1,
          null,
          1,
          null,
          null,
          1,
          30,
          null,
          1,
          null,
          null,
          1,
          41,
          null,
          3,
          3,
          3,
          null,
          3,
          null,
          null,
          1,
          754,
          null,
          12,
          null,
          0,
          null,
          null,
          1,
          1,
          null,
          null,
          1,
          699,
          null,
          null,
          null,
          null,
          null,
          null,
          null,
          1,
          null,
          38,
          38,
          null,
          null,
          38,
          6,
          null,
          32,
          null,
          null,
          38,
          null,
          null,
          null,
          null,
          null,
          null,
          null,
          1,
          20,
          null,
          null,
          null,
          null,
          null,
          null,
          null,
          null,
          1,
          38,
          38,
          38,
          38,
          38,
          38,
          null,
          null,
          1,
          1,
          1,
          1,
          null,
          null,
          null
        ]
      },
      "/Users/mac/RubymineProjects/VALKYRIA_ECM/app/models/content/document_version.rb": {
        "lines": [
          null,
          null,
          1,
          1,
          1,
          1,
          1,
          null,
          1,
          null,
          null,
          1,
          1,
          1,
          1,
          1,
          1,
          1,
          null,
          null,
          1,
          1,
          null,
          null,
          1,
          1,
          1,
          1,
          1,
          null,
          null,
          1,
          1,
          null,
          null,
          1,
          1,
          1,
          1,
          1,
          null,
          null,
          1,
          1,
          1,
          null,
          null,
          1,
          28,
          null,
          1,
          null,
          null,
          1,
          1,
          null,
          null,
          1,
          1,
          null,
          null,
          1,
          1,
          null,
          null,
          1,
          1,
          null,
          null,
          null,
          1,
          21,
          null,
          20,
          null,
          null,
          1,
          2,
          null,
          null,
          1,
          2,
          null,
          null,
          1,
          59,
          null,
          19,
          19,
          null,
          null,
          null,
          null,
          null,
          1,
          7,
          7,
          null,
          null,
          null,
          null,
          null,
          null,
          null,
          null,
          null,
          null,
          null,
          null,
          1,
          7,
          7,
          null,
          null,
          null,
          null,
          null,
          null,
          null,
          null,
          null,
          null,
          1,
          1,
          null,
          null,
          null,
          null,
          null,
          null,
          null,
          1,
          1,
          null,
          null,
          null,
          null,
          null,
          null,
          null,
          1,
          1,
          null,
          null,
          1,
          null,
          1,
          61,
          null,
          59,
          59,
          null,
          null,
          1,
          61,
          61,
          null,
          60,
          60,
          null,
          null,
          1,
          56,
          null,
          null,
          null,
          null,
          null,
          null,
          null,
          null,
          null,
          null,
          1,
          null,
          null
        ]
      },
      "/Users/mac/RubymineProjects/VALKYRIA_ECM/app/models/content/folder.rb": {
        "lines": [
          null,
          null,
          1,
          null,
          1,
          1,
          1,
          1,
          1,
          1,
          null,
          1,
          null,
          null,
          1,
          1,
          1,
          1,
          1,
          null,
          null,
          1,
          1,
          1,
          1,
          1,
          1,
          1,
          null,
          null,
          1,
          1,
          1,
          1,
          1,
          null,
          null,
          1,
          1,
          1,
          1,
          1,
          null,
          null,
          1,
          1,
          null,
          1,
          1,
          1,
          1,
          null,
          null,
          1,
          null,
          null,
          2,
          2,
          1,
          1,
          null,
          1,
          2,
          null,
          null,
          1,
          2,
          null,
          1,
          1,
          1,
          2,
          2,
          null,
          1,
          null,
          null,
          1,
          0,
          null,
          null,
          1,
          10,
          10,
          5,
          5,
          null,
          10,
          null,
          null,
          1,
          4,
          null,
          null,
          1,
          0,
          null,
          null,
          null,
          1,
          5,
          4,
          null,
          3,
          3,
          3,
          null,
          3,
          3,
          null,
          null,
          null,
          null,
          null,
          null,
          null,
          3,
          null,
          null,
          null,
          3,
          null,
          0,
          null,
          null,
          null,
          null,
          1,
          3,
          3,
          2,
          1,
          null,
          null,
          3,
          null,
          null,
          null,
          1,
          1,
          1,
          null,
          1,
          1,
          null,
          null,
          null,
          null,
          null,
          null,
          null,
          null,
          1,
          null,
          null,
          null,
          1,
          0,
          null,
          null,
          1,
          null,
          1,
          90,
          30,
          null,
          60,
          null,
          90,
          null,
          null,
          1,
          5,
          null,
          null,
          1,
          83,
          0,
          0,
          null,
          null,
          null,
          1,
          94,
          null,
          1,
          null,
          null,
          1,
          null,
          null,
          94,
          null,
          1,
          null,
          null,
          1,
          1,
          null,
          null,
          1,
          79,
          null,
          null,
          null,
          null,
          null,
          null,
          null,
          1,
          8,
          8,
          null,
          8,
          null,
          null,
          null,
          null,
          null,
          null,
          null,
          null,
          null,
          null,
          1,
          null,
          null,
          null
        ]
      },
      "/Users/mac/RubymineProjects/VALKYRIA_ECM/app/models/current.rb": {
        "lines": [
          null,
          null,
          1,
          1,
          1,
          1,
          1,
          1,
          null,
          1,
          1528,
          null,
          null,
          1,
          78,
          78,
          null,
          null
        ]
      },
      "/Users/mac/RubymineProjects/VALKYRIA_ECM/app/models/health_check.rb": {
        "lines": [
          null,
          null,
          1,
          1,
          1,
          null,
          1,
          null,
          1,
          1,
          null,
          1,
          null,
          1,
          null,
          1,
          1,
          1,
          null,
          0,
          null,
          null,
          1,
          15,
          null,
          0,
          null,
          null,
          1,
          null,
          1,
          3,
          null,
          null
        ]
      },
      "/Users/mac/RubymineProjects/VALKYRIA_ECM/app/models/hr/employee.rb": {
        "lines": [
          null,
          null,
          1,
          null,
          null,
          null,
          1,
          1,
          1,
          1,
          null,
          1,
          null,
          null,
          1,
          1,
          1,
          1,
          null,
          1,
          null,
          null,
          1,
          1,
          1,
          1,
          null,
          1,
          null,
          null,
          1,
          1,
          1,
          1,
          1,
          1,
          1,
          1,
          null,
          null,
          1,
          1,
          1,
          1,
          null,
          null,
          1,
          1,
          null,
          null,
          1,
          1,
          1,
          null,
          null,
          1,
          1,
          1,
          1,
          1,
          1,
          1,
          1,
          null,
          null,
          1,
          1,
          1,
          1,
          1,
          1,
          null,
          null,
          1,
          1,
          1,
          1,
          1,
          null,
          null,
          12,
          4,
          1,
          1,
          1,
          1,
          null,
          null,
          1,
          1,
          null,
          null,
          1,
          2,
          null,
          null,
          null,
          1,
          87,
          null,
          null,
          null,
          1,
          50,
          null,
          null,
          null,
          1,
          37,
          null,
          37,
          null,
          null,
          null,
          1,
          0,
          0,
          0,
          null,
          null,
          null,
          1,
          114,
          null,
          null,
          null,
          1,
          13,
          null,
          12,
          12,
          12,
          null,
          null,
          null,
          1,
          3,
          3,
          3,
          null,
          null,
          null,
          1,
          1,
          1,
          1,
          null,
          null,
          null,
          1,
          0,
          null,
          null,
          null,
          1,
          0,
          null,
          null,
          null,
          null,
          null,
          null,
          1,
          3,
          3,
          3,
          4,
          4,
          null,
          3,
          null,
          null,
          1,
          null,
          1,
          1,
          null,
          null,
          null,
          1,
          60,
          null,
          null,
          null,
          null,
          null,
          null,
          null,
          null,
          1,
          0,
          0,
          0,
          null,
          null,
          null,
          null,
          null,
          null,
          null,
          null,
          null,
          1,
          null,
          null
        ]
      },
      "/Users/mac/RubymineProjects/VALKYRIA_ECM/app/models/hr/employment_certification_request.rb": {
        "lines": [
          null,
          null,
          1,
          null,
          null,
          null,
          null,
          1,
          1,
          1,
          1,
          null,
          1,
          null,
          null,
          1,
          1,
          1,
          1,
          1,
          null,
          1,
          null,
          null,
          1,
          1,
          1,
          1,
          1,
          null,
          1,
          null,
          null,
          1,
          1,
          1,
          1,
          1,
          1,
          null,
          1,
          null,
          null,
          1,
          1,
          1,
          1,
          1,
          1,
          1,
          1,
          null,
          null,
          1,
          1,
          1,
          1,
          null,
          null,
          1,
          1,
          1,
          1,
          1,
          null,
          null,
          1,
          1,
          1,
          null,
          null,
          1,
          null,
          null,
          1,
          1,
          1,
          1,
          1,
          1,
          1,
          1,
          null,
          null,
          1,
          1,
          1,
          null,
          null,
          1,
          1,
          1,
          1,
          1,
          null,
          null,
          1,
          1,
          1,
          null,
          null,
          5,
          3,
          5,
          1,
          1,
          5,
          null,
          null,
          1,
          9,
          null,
          null,
          1,
          7,
          null,
          null,
          1,
          20,
          null,
          null,
          1,
          13,
          null,
          null,
          1,
          0,
          null,
          null,
          null,
          1,
          9,
          8,
          null,
          7,
          7,
          7,
          null,
          7,
          7,
          null,
          7,
          null,
          7,
          null,
          null,
          null,
          null,
          1,
          7,
          6,
          null,
          6,
          6,
          6,
          6,
          null,
          6,
          6,
          null,
          6,
          null,
          6,
          null,
          null,
          null,
          1,
          6,
          5,
          5,
          null,
          4,
          4,
          4,
          null,
          4,
          4,
          null,
          4,
          null,
          4,
          null,
          null,
          null,
          1,
          7,
          6,
          null,
          5,
          null,
          5,
          5,
          null,
          5,
          null,
          5,
          null,
          null,
          null,
          1,
          6,
          4,
          3,
          null,
          1,
          null,
          null,
          null,
          1,
          7,
          7,
          null,
          6,
          null,
          null,
          null,
          null,
          null,
          null,
          1,
          3,
          null,
          1,
          null,
          1,
          null,
          1,
          null,
          0,
          null,
          null,
          null,
          null,
          null,
          1,
          null,
          1,
          null,
          1,
          1,
          1,
          null,
          null,
          null,
          null,
          null,
          null,
          null,
          null,
          null,
          null,
          1,
          null,
          1,
          1,
          null,
          1,
          null,
          null,
          1,
          59,
          null,
          59,
          59,
          null,
          null,
          null,
          null,
          59,
          null,
          null,
          1,
          59,
          null,
          null,
          1,
          22,
          null,
          null,
          null,
          null,
          null,
          null,
          null,
          null,
          1,
          59,
          null,
          null,
          1,
          81,
          null,
          null,
          null,
          null,
          null,
          null,
          null,
          null,
          null,
          null,
          null,
          null,
          null,
          null,
          1,
          1,
          1,
          null,
          null,
          null
        ]
      },
      "/Users/mac/RubymineProjects/VALKYRIA_ECM/app/models/hr/vacation_request.rb": {
        "lines": [
          null,
          null,
          1,
          null,
          null,
          null,
          null,
          1,
          1,
          1,
          1,
          null,
          1,
          null,
          null,
          1,
          1,
          1,
          1,
          1,
          null,
          1,
          null,
          null,
          1,
          1,
          1,
          1,
          1,
          null,
          1,
          null,
          null,
          1,
          1,
          1,
          1,
          1,
          1,
          1,
          1,
          null,
          null,
          1,
          1,
          1,
          1,
          null,
          null,
          1,
          null,
          null,
          1,
          1,
          1,
          1,
          1,
          1,
          1,
          1,
          1,
          1,
          1,
          null,
          null,
          1,
          1,
          1,
          null,
          null,
          1,
          1,
          1,
          1,
          1,
          1,
          1,
          1,
          null,
          null,
          1,
          1,
          null,
          null,
          1,
          11,
          8,
          3,
          1,
          1,
          1,
          5,
          1,
          1,
          3,
          3,
          1,
          null,
          null,
          1,
          13,
          null,
          null,
          1,
          20,
          null,
          null,
          1,
          7,
          null,
          null,
          1,
          11,
          null,
          null,
          1,
          0,
          null,
          null,
          1,
          0,
          null,
          null,
          null,
          1,
          10,
          9,
          null,
          9,
          9,
          9,
          null,
          9,
          9,
          null,
          9,
          null,
          9,
          null,
          null,
          null,
          null,
          1,
          12,
          11,
          null,
          10,
          10,
          10,
          10,
          null,
          null,
          10,
          null,
          10,
          10,
          null,
          10,
          null,
          10,
          null,
          null,
          null,
          1,
          6,
          6,
          6,
          null,
          5,
          5,
          5,
          null,
          5,
          5,
          null,
          5,
          null,
          5,
          null,
          null,
          null,
          1,
          7,
          null,
          6,
          null,
          6,
          6,
          6,
          null,
          null,
          6,
          null,
          6,
          6,
          null,
          6,
          null,
          null,
          null,
          null,
          6,
          null,
          null,
          null,
          1,
          null,
          34,
          null,
          33,
          29,
          null,
          28,
          null,
          null,
          null,
          1,
          8,
          6,
          4,
          null,
          2,
          null,
          null,
          null,
          null,
          1,
          4,
          4,
          4,
          2,
          null,
          1,
          null,
          null,
          null,
          null,
          null,
          1,
          1,
          null,
          1,
          1,
          5,
          null,
          1,
          null,
          null,
          1,
          null,
          1,
          137,
          null,
          136,
          null,
          null,
          1,
          94,
          null,
          93,
          null,
          null,
          1,
          91,
          null,
          90,
          null,
          2,
          null,
          null,
          1,
          99,
          null,
          99,
          null,
          null,
          1,
          193,
          null,
          null,
          1,
          12,
          null,
          null,
          1,
          9,
          null,
          null,
          1,
          2,
          null,
          null,
          null,
          null,
          null,
          1,
          86,
          null,
          86,
          86,
          null,
          null,
          null,
          86,
          null,
          null,
          1,
          30,
          null,
          null,
          null,
          null,
          null,
          null,
          null,
          null,
          1,
          86,
          null,
          null,
          1,
          116,
          null,
          null,
          null,
          null,
          null,
          null,
          null,
          null,
          null,
          null,
          null,
          null,
          null,
          null,
          null,
          null,
          1,
          1,
          1,
          null,
          null,
          null
        ]
      },
      "/Users/mac/RubymineProjects/VALKYRIA_ECM/app/models/retention/legal_hold.rb": {
        "lines": [
          null,
          null,
          1,
          null,
          null,
          null,
          null,
          null,
          null,
          null,
          1,
          1,
          1,
          1,
          null,
          1,
          null,
          null,
          1,
          1,
          null,
          1,
          null,
          null,
          1,
          1,
          1,
          1,
          1,
          null,
          1,
          null,
          null,
          1,
          1,
          1,
          1,
          1,
          null,
          null,
          1,
          1,
          1,
          null,
          null,
          1,
          1,
          1,
          null,
          null,
          1,
          1,
          1,
          null,
          null,
          1,
          1,
          null,
          null,
          1,
          1,
          1,
          1,
          1,
          1,
          null,
          null,
          1,
          1,
          1,
          null,
          null,
          1,
          1,
          1,
          1,
          1,
          null,
          null,
          131,
          3,
          2,
          1,
          null,
          null,
          1,
          1,
          null,
          null,
          1,
          3,
          null,
          null,
          null,
          1,
          82,
          null,
          null,
          null,
          null,
          1,
          13,
          null,
          12,
          12,
          12,
          12,
          12,
          null,
          12,
          12,
          null,
          12,
          null,
          null,
          null,
          null,
          12,
          null,
          null,
          null,
          null,
          1,
          3,
          null,
          2,
          2,
          null,
          2,
          2,
          null,
          2,
          null,
          null,
          null,
          null,
          null,
          2,
          null,
          null,
          null,
          1,
          14,
          14,
          null,
          null,
          null,
          1,
          71,
          null,
          null,
          null,
          1,
          2,
          null,
          null,
          1,
          null,
          1,
          56,
          null,
          56,
          null,
          null,
          null,
          null,
          null,
          null,
          1,
          69,
          null,
          null,
          17,
          null,
          null,
          1,
          14,
          null,
          null,
          null,
          null,
          null,
          null,
          null,
          null,
          1,
          70,
          null,
          null,
          null,
          null,
          null,
          null,
          null,
          null,
          null,
          null,
          null,
          null,
          1,
          null,
          1,
          0,
          0,
          null,
          0,
          null,
          null,
          null,
          1,
          null,
          17,
          null,
          17,
          null,
          null,
          null,
          null,
          null,
          null,
          17,
          null,
          null,
          null,
          null,
          null,
          null,
          null,
          null,
          null,
          null,
          null,
          null,
          null
        ]
      },
      "/Users/mac/RubymineProjects/VALKYRIA_ECM/app/models/retention/retention_policy.rb": {
        "lines": [
          null,
          null,
          1,
          null,
          null,
          null,
          null,
          null,
          1,
          1,
          1,
          1,
          null,
          1,
          null,
          null,
          1,
          1,
          1,
          1,
          null,
          1,
          null,
          null,
          1,
          1,
          1,
          1,
          null,
          1,
          null,
          null,
          1,
          1,
          1,
          1,
          null,
          null,
          1,
          1,
          null,
          null,
          1,
          null,
          null,
          1,
          null,
          null,
          1,
          null,
          null,
          1,
          null,
          null,
          1,
          1,
          1,
          1,
          null,
          null,
          1,
          1,
          null,
          null,
          1,
          1,
          1,
          1,
          1,
          1,
          null,
          null,
          18,
          18,
          17,
          8,
          null,
          null,
          1,
          15,
          15,
          null,
          14,
          null,
          null,
          null,
          1,
          8,
          8,
          null,
          8,
          null,
          null,
          null,
          1,
          5,
          2,
          2,
          3,
          1,
          1,
          null,
          2,
          null,
          null,
          null,
          1,
          null,
          1,
          15,
          null,
          13,
          null,
          1,
          null,
          1,
          null,
          0,
          null,
          null,
          null,
          1,
          null,
          1,
          null,
          null,
          null,
          null,
          1,
          null,
          null,
          1,
          null,
          1,
          null,
          8,
          8,
          null,
          null,
          null,
          8,
          null,
          null,
          null,
          7,
          null,
          null,
          null,
          null,
          null,
          null,
          null,
          1,
          null,
          4,
          null,
          null,
          null,
          null,
          null,
          null,
          null,
          null,
          null,
          null,
          null,
          null,
          null,
          null,
          null,
          null,
          null,
          null,
          null,
          null,
          null,
          null,
          null,
          null,
          null,
          null,
          null,
          null,
          null,
          null,
          null,
          null,
          null,
          null,
          null,
          null,
          null,
          null,
          null,
          null,
          null,
          4,
          16,
          12,
          null,
          null,
          null,
          null,
          null,
          null,
          null
        ]
      },
      "/Users/mac/RubymineProjects/VALKYRIA_ECM/app/models/retention/retention_schedule.rb": {
        "lines": [
          null,
          null,
          1,
          null,
          null,
          null,
          null,
          null,
          null,
          1,
          1,
          1,
          1,
          null,
          1,
          null,
          null,
          1,
          1,
          1,
          1,
          1,
          1,
          null,
          null,
          1,
          null,
          null,
          null,
          null,
          1,
          1,
          1,
          1,
          1,
          1,
          null,
          null,
          1,
          1,
          1,
          1,
          null,
          null,
          1,
          1,
          null,
          null,
          1,
          1,
          1,
          1,
          1,
          1,
          null,
          null,
          1,
          1,
          1,
          1,
          null,
          null,
          1,
          1,
          null,
          null,
          5,
          3,
          3,
          3,
          3,
          5,
          null,
          1,
          2,
          null,
          null,
          null,
          1,
          21,
          null,
          null,
          null,
          1,
          20,
          null,
          null,
          null,
          null,
          1,
          90,
          null,
          null,
          null,
          1,
          6,
          null,
          null,
          null,
          1,
          2,
          null,
          null,
          null,
          1,
          13,
          null,
          null,
          1,
          4,
          null,
          null,
          1,
          3,
          null,
          null,
          1,
          0,
          null,
          null,
          1,
          27,
          null,
          null,
          1,
          16,
          null,
          null,
          null,
          1,
          14,
          13,
          null,
          13,
          13,
          13,
          null,
          13,
          13,
          null,
          13,
          null,
          null,
          null,
          1,
          4,
          null,
          4,
          null,
          4,
          4,
          null,
          4,
          null,
          null,
          null,
          1,
          9,
          null,
          7,
          7,
          7,
          7,
          null,
          null,
          7,
          null,
          7,
          7,
          null,
          7,
          null,
          7,
          null,
          null,
          null,
          1,
          7,
          null,
          5,
          5,
          5,
          5,
          null,
          null,
          5,
          null,
          5,
          5,
          null,
          5,
          null,
          5,
          null,
          null,
          null,
          1,
          58,
          null,
          58,
          58,
          null,
          58,
          null,
          null,
          null,
          1,
          18,
          null,
          null,
          17,
          1,
          16,
          0,
          null,
          16,
          null,
          null,
          17,
          17,
          null,
          17,
          null,
          null,
          null,
          1,
          6,
          null,
          4,
          4,
          4,
          null,
          null,
          4,
          null,
          4,
          4,
          null,
          4,
          null,
          null,
          null,
          null,
          null,
          null,
          4,
          null,
          null,
          null,
          1,
          0,
          0,
          null,
          0,
          0,
          null,
          0,
          null,
          null,
          null,
          1,
          20,
          null,
          19,
          null,
          null,
          null,
          1,
          10,
          null,
          9,
          null,
          null,
          1,
          null,
          1,
          108,
          null,
          null,
          null,
          null,
          null,
          null,
          null,
          null,
          1,
          16,
          null,
          null,
          null,
          null,
          null,
          null,
          null,
          null,
          null,
          null,
          null,
          null,
          null,
          null
        ]
      },
      "/Users/mac/RubymineProjects/VALKYRIA_ECM/app/models/workflow/workflow_definition.rb": {
        "lines": [
          null,
          null,
          1,
          null,
          null,
          null,
          null,
          null,
          null,
          1,
          1,
          1,
          1,
          null,
          1,
          null,
          null,
          1,
          1,
          1,
          1,
          1,
          null,
          null,
          1,
          1,
          1,
          1,
          null,
          null,
          null,
          1,
          null,
          null,
          1,
          null,
          null,
          1,
          1,
          1,
          1,
          null,
          null,
          1,
          1,
          null,
          null,
          1,
          1,
          1,
          1,
          1,
          1,
          null,
          null,
          22,
          3,
          1,
          null,
          null,
          1,
          35,
          59,
          null,
          null,
          null,
          null,
          1,
          20,
          null,
          null,
          null,
          1,
          288,
          null,
          null,
          null,
          1,
          3,
          null,
          null,
          null,
          1,
          142,
          null,
          null,
          null,
          1,
          34,
          null,
          null,
          null,
          1,
          18,
          null,
          null,
          null,
          null,
          null,
          null,
          null,
          null,
          null,
          null,
          1,
          2,
          2,
          2,
          2,
          null,
          null,
          2,
          null,
          2,
          null,
          null,
          1,
          null,
          1,
          151,
          null,
          3,
          null,
          null,
          1,
          151,
          151,
          null,
          4,
          null,
          null,
          1,
          151,
          609,
          1,
          1,
          null,
          null,
          608,
          11,
          null,
          null,
          null,
          null,
          1,
          null,
          1,
          19,
          null,
          null,
          null,
          null,
          1,
          3,
          2,
          2,
          2,
          2,
          2,
          2,
          null,
          null,
          null,
          null,
          null,
          null,
          2,
          null,
          null,
          null,
          null,
          null,
          null,
          null,
          null,
          null,
          null,
          null,
          null,
          null,
          null,
          null,
          null,
          null,
          null,
          null,
          null,
          null,
          2,
          null,
          null,
          null,
          null,
          null,
          null
        ]
      },
      "/Users/mac/RubymineProjects/VALKYRIA_ECM/app/models/workflow/workflow_instance.rb": {
        "lines": [
          null,
          null,
          1,
          null,
          null,
          null,
          null,
          null,
          null,
          1,
          1,
          1,
          1,
          null,
          1,
          null,
          null,
          1,
          1,
          1,
          1,
          null,
          1,
          null,
          null,
          1,
          1,
          1,
          1,
          1,
          1,
          null,
          null,
          null,
          1,
          null,
          null,
          1,
          null,
          null,
          1,
          1,
          1,
          1,
          1,
          1,
          null,
          null,
          1,
          1,
          1,
          1,
          1,
          null,
          null,
          1,
          1,
          1,
          null,
          null,
          6,
          5,
          1,
          1,
          1,
          3,
          null,
          null,
          1,
          1,
          null,
          null,
          1,
          74,
          null,
          null,
          null,
          1,
          0,
          null,
          null,
          null,
          1,
          2,
          null,
          null,
          null,
          1,
          1,
          null,
          null,
          null,
          1,
          32,
          null,
          31,
          null,
          null,
          null,
          null,
          1,
          30,
          29,
          null,
          28,
          null,
          null,
          28,
          null,
          null,
          28,
          null,
          null,
          null,
          null,
          null,
          null,
          null,
          null,
          null,
          null,
          28,
          null,
          null,
          28,
          7,
          7,
          null,
          null,
          21,
          null,
          null,
          28,
          null,
          null,
          28,
          null,
          28,
          null,
          null,
          null,
          null,
          1,
          6,
          null,
          5,
          5,
          5,
          null,
          5,
          null,
          null,
          null,
          null,
          null,
          null,
          null,
          null,
          null,
          null,
          null,
          10,
          null,
          null,
          5,
          null,
          5,
          null,
          5,
          null,
          null,
          null,
          1,
          2,
          null,
          2,
          null,
          2,
          null,
          null,
          null,
          null,
          null,
          null,
          null,
          null,
          null,
          2,
          2,
          null,
          null,
          null,
          1,
          2,
          null,
          1,
          null,
          1,
          null,
          null,
          null,
          null,
          null,
          null,
          null,
          null,
          1,
          1,
          null,
          null,
          null,
          1,
          25,
          null,
          null,
          null,
          1,
          0,
          null,
          null,
          null,
          1,
          0,
          null,
          null,
          null,
          1,
          2,
          2,
          null,
          null,
          null,
          1,
          0,
          0,
          null,
          0,
          0,
          0,
          0,
          0,
          0,
          null,
          null,
          0,
          null,
          null,
          1,
          null,
          1,
          187,
          187,
          null,
          2,
          null,
          null,
          1,
          118,
          null,
          null,
          1,
          139,
          139,
          null,
          139,
          null,
          null,
          null,
          139,
          null,
          null,
          null,
          null,
          1,
          28,
          28,
          null,
          null,
          1,
          11,
          5,
          null,
          null,
          1,
          118,
          null,
          null,
          null,
          null,
          null,
          null,
          null,
          null,
          null,
          null,
          null,
          null,
          null,
          1,
          28,
          null,
          null,
          null,
          null,
          null,
          null,
          null,
          null,
          1,
          5,
          null,
          null,
          null,
          null,
          null,
          null,
          null,
          null,
          null,
          null,
          1,
          null
        ]
      },
      "/Users/mac/RubymineProjects/VALKYRIA_ECM/app/models/workflow/workflow_task.rb": {
        "lines": [
          null,
          null,
          1,
          null,
          null,
          null,
          null,
          null,
          null,
          null,
          1,
          1,
          1,
          1,
          null,
          1,
          null,
          null,
          1,
          1,
          1,
          1,
          1,
          null,
          1,
          null,
          null,
          1,
          1,
          1,
          1,
          1,
          1,
          1,
          1,
          1,
          1,
          null,
          null,
          1,
          1,
          1,
          null,
          null,
          1,
          1,
          1,
          1,
          1,
          1,
          1,
          null,
          null,
          1,
          1,
          1,
          1,
          null,
          null,
          1,
          1,
          null,
          null,
          10,
          2,
          1,
          67,
          5,
          1,
          2,
          1,
          7,
          null,
          null,
          1,
          1,
          null,
          null,
          1,
          65,
          null,
          null,
          null,
          1,
          27,
          null,
          null,
          null,
          1,
          37,
          null,
          null,
          null,
          1,
          20,
          19,
          null,
          18,
          null,
          null,
          null,
          1,
          10,
          9,
          null,
          7,
          null,
          null,
          null,
          null,
          1,
          6,
          6,
          null,
          5,
          5,
          1,
          1,
          4,
          3,
          null,
          1,
          1,
          null,
          null,
          null,
          null,
          null,
          1,
          28,
          27,
          null,
          25,
          25,
          25,
          25,
          null,
          25,
          null,
          25,
          null,
          null,
          null,
          1,
          4,
          3,
          null,
          2,
          2,
          2,
          2,
          null,
          2,
          null,
          2,
          null,
          null,
          null,
          1,
          31,
          null,
          30,
          30,
          30,
          30,
          30,
          null,
          30,
          null,
          30,
          null,
          null,
          null,
          1,
          7,
          null,
          7,
          7,
          7,
          null,
          7,
          null,
          7,
          null,
          null,
          null,
          1,
          35,
          null,
          null,
          null,
          1,
          4,
          3,
          null,
          2,
          null,
          null,
          null,
          1,
          7,
          7,
          7,
          null,
          7,
          null,
          null,
          null,
          null,
          null,
          7,
          null,
          7,
          null,
          null,
          null,
          null,
          null,
          null,
          7,
          null,
          null,
          null,
          1,
          0,
          null,
          0,
          null,
          null,
          null,
          null,
          null,
          1,
          0,
          null,
          0,
          0,
          null,
          null,
          null,
          1,
          5,
          null,
          4,
          1,
          null,
          3,
          null,
          null,
          null,
          1,
          null,
          1,
          29,
          null,
          29,
          null,
          null,
          null,
          1,
          199,
          null,
          null,
          198,
          null,
          null,
          198,
          null,
          198,
          198,
          null,
          198,
          198,
          null,
          null,
          null,
          1,
          199,
          null,
          null,
          null,
          null,
          null,
          null,
          null,
          1,
          64,
          null,
          null,
          null,
          null,
          null,
          null,
          null,
          null,
          null,
          null,
          null,
          null,
          null,
          null,
          null
        ]
      },
      "/Users/mac/RubymineProjects/VALKYRIA_ECM/app/policies/application_policy.rb": {
        "lines": [
          null,
          null,
          1,
          1,
          null,
          1,
          46,
          46,
          null,
          null,
          1,
          1,
          null,
          null,
          1,
          1,
          null,
          null,
          1,
          3,
          null,
          null,
          1,
          1,
          null,
          null,
          1,
          3,
          null,
          null,
          1,
          1,
          null,
          null,
          1,
          1,
          null,
          null,
          1,
          1,
          null,
          1,
          14,
          14,
          null,
          null,
          1,
          1,
          null,
          null,
          1,
          null,
          1,
          13,
          null,
          null,
          1,
          0,
          null,
          null,
          null,
          1,
          null,
          1,
          20,
          null,
          null,
          1,
          0,
          null,
          null,
          1,
          3,
          null,
          2,
          null,
          null,
          1,
          2,
          null,
          2,
          null,
          null,
          1,
          26,
          null,
          26,
          null,
          null,
          1,
          0,
          null,
          0,
          null,
          null
        ]
      },
      "/Users/mac/RubymineProjects/VALKYRIA_ECM/app/services/base_service.rb": {
        "lines": [
          null,
          null,
          1,
          1,
          null,
          1,
          26,
          null,
          null,
          1,
          27,
          27,
          null,
          null,
          1,
          1,
          null,
          null,
          1,
          13,
          null,
          null,
          1,
          2,
          null,
          null,
          1,
          null,
          1,
          20,
          20,
          null,
          null,
          1,
          6,
          null,
          1,
          null,
          0,
          null,
          5,
          null,
          6,
          null,
          null,
          1,
          0,
          null,
          null,
          1,
          1,
          null,
          null,
          1,
          0,
          null,
          null,
          1,
          0,
          null,
          null,
          1,
          0,
          null,
          null,
          1,
          0,
          null,
          null
        ]
      },
      "/Users/mac/RubymineProjects/VALKYRIA_ECM/app/services/health_check_service.rb": {
        "lines": [
          null,
          null,
          1,
          1,
          null,
          14,
          null,
          null,
          null,
          null,
          14,
          null,
          14,
          null,
          null,
          null,
          null,
          null,
          null,
          0,
          0,
          null,
          null,
          1,
          null,
          1,
          14,
          null,
          0,
          null,
          null,
          1,
          14,
          null,
          14,
          14,
          null,
          0,
          null,
          null,
          1,
          14,
          null,
          null,
          1,
          14,
          null,
          null
        ]
      },
      "/Users/mac/RubymineProjects/VALKYRIA_ECM/app/services/hr/hr_service.rb": {
        "lines": [
          null,
          null,
          1,
          null,
          null,
          null,
          null,
          1,
          1,
          null,
          1,
          58,
          58,
          58,
          null,
          null,
          null,
          null,
          null,
          null,
          1,
          1,
          null,
          null,
          1,
          0,
          null,
          0,
          null,
          0,
          null,
          0,
          null,
          null,
          null,
          1,
          1,
          null,
          0,
          null,
          null,
          1,
          2,
          1,
          null,
          1,
          null,
          null,
          2,
          null,
          null,
          null,
          null,
          null,
          null,
          null,
          null,
          null,
          null,
          1,
          13,
          null,
          13,
          null,
          null,
          null,
          null,
          null,
          null,
          null,
          null,
          null,
          13,
          12,
          null,
          null,
          1,
          5,
          4,
          null,
          null,
          1,
          7,
          5,
          null,
          null,
          1,
          2,
          2,
          null,
          null,
          1,
          4,
          null,
          3,
          null,
          null,
          1,
          1,
          null,
          null,
          1,
          5,
          2,
          null,
          null,
          null,
          null,
          3,
          null,
          null,
          null,
          1,
          null,
          1,
          null,
          null,
          null,
          null,
          null,
          null,
          null,
          null,
          null,
          null,
          null,
          1,
          null,
          null,
          null,
          null,
          6,
          null,
          null,
          null,
          null,
          null,
          null,
          null,
          6,
          6,
          null,
          null,
          1,
          1,
          null,
          1,
          null,
          null,
          1,
          1,
          null,
          null,
          1,
          5,
          3,
          null,
          null,
          1,
          2,
          2,
          null,
          null,
          1,
          1,
          1,
          null,
          null,
          1,
          3,
          2,
          null,
          null,
          null,
          null,
          null,
          null,
          null,
          null,
          null,
          1,
          3,
          null,
          null,
          2,
          null,
          null,
          null,
          null,
          null,
          1,
          3,
          null,
          null,
          3,
          null,
          null,
          null,
          null,
          null,
          null,
          null,
          null,
          null,
          null,
          1,
          2,
          2,
          null,
          null,
          2,
          null,
          null,
          null,
          null,
          null,
          null,
          1,
          2,
          2,
          null,
          null,
          2,
          null,
          null,
          null,
          null,
          null,
          null,
          1,
          null,
          1,
          58,
          58,
          null,
          null,
          null,
          null,
          1,
          13,
          13,
          62,
          null,
          13,
          null,
          null,
          1,
          1,
          null,
          null,
          null,
          null,
          null,
          1,
          2,
          null,
          0,
          0,
          null,
          0,
          null,
          null,
          0,
          null,
          null,
          1,
          5,
          null,
          1,
          null,
          null,
          1,
          9,
          null,
          2,
          null,
          null,
          1,
          17,
          null,
          4,
          null,
          null,
          1,
          null,
          null,
          null
        ]
      },
      "/Users/mac/RubymineProjects/VALKYRIA_ECM/app/services/retention/retention_service.rb": {
        "lines": [
          null,
          null,
          1,
          null,
          null,
          null,
          1,
          1,
          null,
          1,
          35,
          35,
          null,
          null,
          null,
          1,
          null,
          6,
          null,
          6,
          2,
          null,
          1,
          null,
          4,
          null,
          null,
          null,
          null,
          1,
          5,
          null,
          null,
          null,
          1,
          11,
          null,
          null,
          null,
          1,
          15,
[...]
        "lines": [
          null,
          null,
          0,
          0,
          0,
          0,
          0,
          0,
          null,
          0,
          0,
          null,
          0,
          0,
          null,
          0,
          null,
          0,
          0,
          0,
          0,
          null,
          0,
          0,
          null,
          0,
          0,
          0,
          0,
          null,
          0,
          0,
          null,
          0,
          null,
          0,
          0,
          0,
          0,
          0,
          null,
          0,
          0,
          null,
          0,
          null,
          0,
          0,
          0,
          0,
          0,
          0,
          null,
          0,
          null,
          0,
          0,
          0,
          null,
          0,
          0,
          0,
          0,
          0,
          0,
          null,
          0,
          0,
          null,
          0,
          0,
          0,
          0,
          0,
          0,
          0,
          0,
          null,
          0,
          0,
          0,
          0,
          0,
          0,
          0,
          0,
          0,
          0,
          0,
          0,
          0,
          0,
          0,
          0,
          null,
          0,
          null,
          0,
          0,
          null,
          0,
          0,
          0,
          null,
          0,
          0,
          0,
          0,
          0,
          0,
          0
        ],
        "branches": {}
      },
      "/Users/mac/RubymineProjects/VALKYRIA_ECM/app/controllers/api/v1/hr/approvals_controller.rb": {
        "lines": [
          null,
          null,
          0,
          0,
          0,
          null,
          null,
          0,
          0,
          0,
          null,
          null,
          0,
          0,
          null,
          0,
          0,
          0,
          0,
          0,
          0,
          0,
          0,
          0,
          0,
          null,
          null,
          0,
          0,
          0,
          null,
          null,
          0,
          0,
          0,
          0,
          0,
          0,
          0,
          null,
          0,
          0,
          0,
          0,
          0,
          0,
          0,
          null,
          null,
          0,
          0,
          null,
          0,
          null,
          0,
          0,
          0,
          0,
          0,
          0,
          0,
          null,
          0,
          null,
          0,
          0,
          null,
          0,
          0,
          null,
          0,
          0,
          null,
          0,
          null,
          0,
          0,
          null,
          0,
          0,
          0,
          0,
          null,
          0,
          0,
          0,
          0,
          0,
          0,
          null,
          0,
          0,
          0,
          null,
          0,
          0,
          0,
          null,
          0,
          0,
          0,
          0,
          0,
          0,
          0,
          null,
          0,
          0,
          0,
          0,
          0,
          0,
          0,
          0,
          null,
          0,
          0,
          0,
          0,
          0,
          0,
          0,
          0,
          0,
          0,
          0,
          0,
          0,
          null,
          0,
          0,
          0,
          0,
          0,
          0,
          0,
          null,
          0,
          0,
          null,
          0,
          0,
          0,
          0,
          0,
          0,
          0,
          0,
          0,
          0,
          0,
          0,
          null,
          0,
          0,
          0,
          0,
          0,
          0,
          0,
          0,
          null,
          0,
          0,
          null,
          0,
          0,
          null,
          0,
          0,
          0,
          0,
          0,
          0,
          0,
          null,
          0,
          0,
          0,
          null,
          0,
          0,
          0,
          null,
          0,
          0,
          0,
          null,
          0,
          0,
          null,
          0,
          0,
          0,
          0,
          0,
          0,
          0,
          0,
          0,
          0,
          0,
          0,
          0,
          null,
          0,
          0,
          0
        ],
        "branches": {}
      },
      "/Users/mac/RubymineProjects/VALKYRIA_ECM/app/controllers/api/v1/hr/certifications_controller.rb": {
        "lines": [
          null,
          null,
          0,
          0,
          0,
          null,
          0,
          0,
          null,
          null,
          0,
          0,
          0,
          0,
          null,
          0,
          0,
          null,
          0,
          0,
          0,
          0,
          0,
          null,
          null,
          0,
          0,
          null,
          0,
          0,
          null,
          null,
          0,
          0,
          0,
          0,
          null,
          0,
          null,
          0,
          0,
          0,
          0,
          0,
          0,
          null,
          null,
          0,
          0,
          null,
          0,
          0,
          0,
          null,
          0,
          0,
          0,
          0,
          0,
          0,
          null,
          null,
          0,
          0,
          null,
          0,
          null,
          0,
          0,
          0,
          0,
          0,
          0,
          0,
          0,
          0,
          null,
          0,
          null,
          0,
          0,
          0,
          0,
          0,
          null,
          0,
          0,
          0,
          0,
          0,
          0,
          0,
          0,
          0,
          0,
          0,
          0,
          0,
          null,
          0,
          0,
          0,
          0,
          0,
          null,
          null,
          0,
          0,
          0,
          0,
          0,
          0,
          0,
          0,
          0,
          0,
          0,
          null,
          0,
          0,
          0,
          0,
          0,
          0,
          0,
          0,
          0,
          0,
          0,
          0,
          0,
          0,
          0,
          null,
          0,
          0,
          null,
          null,
          0,
          0,
          0,
          0,
          0,
          0,
          0,
          null,
          0,
          0,
          0,
          0,
          0,
          0,
          0
        ],
        "branches": {}
      },
      "/Users/mac/RubymineProjects/VALKYRIA_ECM/app/controllers/api/v1/hr/dashboard_controller.rb": {
        "lines": [
          null,
          null,
          0,
          0,
          0,
          null,
          0,
          0,
          null,
          null,
          0,
          0,
          0,
          0,
          0,
          null,
          0,
          0,
          0,
          0,
          null,
          0,
          null,
          0,
          0,
          null,
          0,
          0,
          null,
          0,
          0,
          0,
          0,
          0,
          0,
          0
        ],
        "branches": {}
      },
      "/Users/mac/RubymineProjects/VALKYRIA_ECM/app/controllers/api/v1/hr/employees_controller.rb": {
        "lines": [
          null,
          null,
          0,
          0,
          0,
          null,
          0,
          0,
          null,
          null,
          0,
          0,
          null,
          0,
          0,
          0,
          0,
          null,
          0,
          0,
          null,
          0,
          0,
          0,
          0,
          0,
          null,
          null,
          0,
          0,
          null,
          0,
          0,
          null,
          null,
          0,
          0,
          null,
          0,
          null,
          0,
          0,
          0,
          0,
          0,
          null,
          null,
          0,
          0,
          null,
          0,
          0,
          0,
          0,
          0,
          0,
          0,
          0,
          0,
          0,
          0,
          null,
          0,
          null,
          0,
          0,
          0,
          0,
          0,
          null,
          0,
          0,
          0,
          0,
          0,
          0,
          null,
          0,
          0,
          null,
          0,
          0,
          0,
          null,
          0,
          0,
          null,
          0,
          0,
          0,
          null,
          0,
          0,
          0,
          0,
          0,
          0,
          0,
          0,
          0,
          0,
          0,
          0,
          null,
          0,
          0,
          0,
          0,
          0,
          0,
          0,
          0,
          0,
          0,
          0,
          null,
          0,
          0,
          null,
          0,
          0,
          0,
          0,
          0,
          0,
          0,
          null,
          0,
          0,
          0,
          0,
          0,
          0,
          null,
          0,
          0,
          0,
          0,
          0,
          null,
          0,
          0,
          0,
          0,
          0,
          0,
          0
        ],
        "branches": {}
      },
      "/Users/mac/RubymineProjects/VALKYRIA_ECM/app/controllers/api/v1/hr/vacations_controller.rb": {
        "lines": [
          null,
          null,
          0,
          0,
          0,
          null,
          0,
          0,
          null,
          null,
          0,
          0,
          0,
          0,
          null,
          0,
          0,
          null,
          0,
          0,
          0,
          0,
          0,
          null,
          null,
          0,
          0,
          null,
          0,
          0,
          null,
          null,
          0,
          0,
          0,
          0,
          null,
          0,
          null,
          0,
          0,
          0,
          0,
          0,
          0,
          null,
          null,
          0,
          0,
          null,
          0,
          0,
          0,
          null,
          0,
          0,
          0,
          0,
          0,
          0,
          null,
          null,
          0,
          0,
          null,
          0,
          null,
          0,
          0,
          0,
          0,
          0,
          0,
          0,
          0,
          null,
          null,
          0,
          0,
          null,
          0,
          null,
          0,
          0,
          0,
          0,
          0,
          0,
          0,
          0,
          0,
          null,
          0,
          null,
          0,
          0,
          0,
          0,
          0,
          null,
          0,
          0,
          0,
          0,
          0,
          0,
          0,
          0,
          0,
          0,
          null,
          0,
          0,
          0,
          0,
          0,
          0,
          0,
          null,
          0,
          0,
          0,
          0,
          0,
          0,
          0,
          0,
          0,
          0,
          0,
          0,
          null,
          0,
          0,
          0,
          0,
          0,
          0,
          0,
          0,
          0,
          0,
          0,
          null,
          0,
          0,
          null,
          0,
          0,
          0,
          0,
          0,
          0,
          0,
          null,
          0,
          0,
          0,
          0,
          0,
          0,
          0
        ],
        "branches": {}
      },
      "/Users/mac/RubymineProjects/VALKYRIA_ECM/app/controllers/api/v1/search_controller.rb": {
        "lines": [
          null,
          null,
          0,
          0,
          null,
          0,
          null,
          0,
          0,
          null,
          0,
          0,
          0,
          0,
          0,
          0,
          0,
          null,
          0,
          0,
          0,
          0,
          0,
          0,
          0,
          0,
          0,
          0,
          0,
          null,
          0,
          null,
          0,
          0,
          0,
          0,
          0,
          0,
          null,
          0,
          0,
          null,
          0,
          0,
          null,
          0,
          0,
          0,
          0,
          0,
          0,
          0,
          0,
          null,
          0,
          0,
          0,
          0,
          0,
          0,
          0,
          0,
          0,
          0,
          0,
          0,
          0,
          null,
          0,
          0,
          0,
          0,
          0,
          0,
          0,
          0,
          0,
          0,
          0
        ],
        "branches": {}
      },
      "/Users/mac/RubymineProjects/VALKYRIA_ECM/app/mailers/application_mailer.rb": {
        "lines": [
          null,
          null,
          0,
          0,
          0,
          0
        ],
        "branches": {}
      },
      "/Users/mac/RubymineProjects/VALKYRIA_ECM/app/policies/content/folder_policy.rb": {
        "lines": [
          null,
          null,
          0,
          0,
          0,
          0,
          0,
          null,
          0,
          0,
          0,
          null,
          0,
          0,
          0,
          null,
          0,
          0,
          null,
          0,
          0,
          null,
          0,
          0,
          null,
          0,
          0,
          null,
          0,
          0,
          0,
          0,
          0,
          0,
          0,
          0,
          0,
          0,
          0,
          null,
          0,
          null,
          0,
          0,
          0,
          null,
          0,
          0,
          0,
          0
        ],
        "branches": {}
      },
      "/Users/mac/RubymineProjects/VALKYRIA_ECM/app/policies/hr/employee_policy.rb": {
        "lines": [
          null,
          null,
          0,
          0,
          0,
          0,
          0,
          null,
          0,
          0,
          0,
          null,
          0,
          0,
          0,
          null,
          0,
          0,
          0,
          0,
          0,
          null,
          0,
          0,
          0,
          0,
          0,
          0,
          0,
          0,
          null,
          0,
          null,
          0,
          0,
          0,
          0,
          null,
          0,
          null,
          0,
          0,
          0,
          null,
          0,
          0,
          0,
          null,
          0,
          0,
          0,
          null,
          0,
          0,
          0,
          null,
          0,
          0,
          0,
          0,
          0
        ],
        "branches": {}
      },
      "/Users/mac/RubymineProjects/VALKYRIA_ECM/app/policies/hr/employment_certification_request_policy.rb": {
        "lines": [
          null,
          null,
          0,
          0,
          0,
          0,
          0,
          null,
          0,
          0,
          0,
          null,
          0,
          0,
          0,
          null,
          0,
          0,
          0,
          null,
          0,
          0,
          null,
          0,
          0,
          null,
          0,
          0,
          0,
          0,
          0,
          0,
          0,
          0,
          null,
          0,
          null,
          0,
          0,
          0,
          0,
          null,
          0,
          null,
          0,
          0,
          0,
          null,
          0,
          0,
          0,
          null,
          0,
          0,
          0,
          null,
          0,
          0,
          0,
          0,
          0
        ],
        "branches": {}
      },
      "/Users/mac/RubymineProjects/VALKYRIA_ECM/app/policies/hr/vacation_request_policy.rb": {
        "lines": [
          null,
          null,
          0,
          0,
          0,
          0,
          0,
          null,
          0,
          0,
          0,
          null,
          0,
          0,
          0,
          null,
          0,
          0,
          0,
          null,
          0,
          0,
          0,
          null,
          0,
          0,
          null,
          0,
          0,
          null,
          0,
          0,
          0,
          0,
          0,
          0,
          0,
          0,
          null,
          0,
          null,
          0,
          0,
          0,
          0,
          null,
          0,
          null,
          0,
          0,
          0,
          null,
          0,
          0,
          0,
          null,
          0,
          0,
          0,
          null,
          0,
          0,
          0,
          null,
          0,
          0,
          0,
          null,
          0,
          0,
          0,
          0,
          0
        ],
        "branches": {}
      },
      "/Users/mac/RubymineProjects/VALKYRIA_ECM/app/services/audit/log_event_service.rb": {
        "lines": [
          null,
          null,
          0,
          0,
          0,
          0,
          0,
          0,
          0,
          0,
          0,
          0,
          0,
          0,
          null,
          0,
          0,
          0,
          0,
          0,
          0,
          0,
          0,
          0,
          0,
          null,
          0,
          0,
          0,
          0,
          0,
          0,
          0
        ],
        "branches": {}
      },
      "/Users/mac/RubymineProjects/VALKYRIA_ECM/app/services/search/adapters/elasticsearch_adapter.rb": {
        "lines": [
          null,
          null,
          0,
          0,
          null,
          null,
          null,
          null,
          null,
          null,
          null,
          null,
          null,
          null,
          null,
          null,
          null,
          null,
          null,
          null,
          0,
          0,
          null,
          null,
          0,
          0,
          0,
          0,
          0,
          0,
          0,
          0,
          0,
          0,
          0,
          0,
          0,
          0,
          0,
          0,
          0,
          0,
          0,
          0,
          0,
          0,
          0,
          0,
          0,
          0,
          0,
          0,
          0,
          0,
          0,
          0,
          0,
          0,
          0,
          0,
          0,
          0,
          0,
          0,
          0,
          null,
          0,
          0,
          0,
          0,
          null,
          0,
          0,
          0,
          null,
          0,
          0,
          0,
          null,
          0,
          0,
          0,
          null,
          0,
          0,
          0,
          null,
          0,
          0,
          null,
          0,
          0,
          0,
          0,
          null,
          0,
          0,
          0,
          null,
          0,
          0,
          0,
          null,
          0,
          0,
          0,
          null,
          0,
          null,
          0,
          null,
          null,
          null,
          null,
          null,
          0,
          0,
          0,
          0,
          0
        ],
        "branches": {}
      }
    },
    "timestamp": 1765553014
  }
}
